<?xml version="1.0" encoding="UTF-8"?>
<!-- Generated by org.testng.reporters.JUnitXMLReporter -->
<testsuite ignored="0" hostname="SIPl-DT-PS" failures="0" tests="3" name="Campaigns" time="83.541" errors="0" timestamp="2023-08-23T15:51:55 IST">
  <testcase classname="Softude.VolvoCss.Tests.CampaignPage_Test" name="serachCustomerAndAdd" time="17.251"/>
  <testcase classname="Softude.VolvoCss.Tests.CampaignPage_Test" name="serachCustomerAndAdd" time="14.796"/>
  <testcase classname="Softude.VolvoCss.Tests.CampaignPage_Test" name="serachCustomerAndAdd" time="19.319"/>
</testsuite> <!-- Campaigns -->
