<?xml version="1.0" encoding="UTF-8"?>
<!-- Generated by org.testng.reporters.JUnitXMLReporter -->
<testsuite ignored="0" hostname="SIPl-DT-PS" failures="0" tests="5" name="QuestionBankTest" time="156.028" errors="0" timestamp="2023-08-25T15:01:37 IST">
  <testcase classname="Softude.VolvoCss.Tests.QuestionBankTest" name="addingNewQuestion" time="25.759"/>
  <testcase classname="Softude.VolvoCss.Tests.QuestionBankTest" name="addingNewQuestion" time="22.979"/>
  <testcase classname="Softude.VolvoCss.Tests.QuestionBankTest" name="addingNewQuestion" time="22.655"/>
  <testcase classname="Softude.VolvoCss.Tests.QuestionBankTest" name="addingNewQuestion" time="22.499"/>
  <testcase classname="Softude.VolvoCss.Tests.QuestionBankTest" name="addingNewQuestion" time="22.446"/>
</testsuite> <!-- QuestionBankTest -->
